Using pre-set license
Built from '2022.2/staging' branch; Version is '2022.2.7f1 (8331acaee5d3) revision 8597932'; Using compiler version '192829333'; Build Type 'Release'
OS: 'Windows 10  (10.0.19045) 64bit Core' Language: 'en' Physical Memory: 8066 MB
BatchMode: 1, IsHumanControllingUs: 0, StartBugReporterOnCrash: 0, Is64bit: 1, IsPro: 1

COMMAND LINE ARGUMENTS:
P:\Unity\2022.2.7f1\Editor\Unity.exe
-adb2
-batchMode
-noUpm
-name
AssetImportWorker0
-projectPath
P:/Repo/github.com/Te3Que/LudJam23/LudJam23
-logFile
Logs/AssetImportWorker0.log
-srvPort
64843
Successfully changed project path to: P:/Repo/github.com/Te3Que/LudJam23/LudJam23
P:/Repo/github.com/Te3Que/LudJam23/LudJam23
[UnityMemory] Configuration Parameters - Can be set up in boot.config
    "memorysetup-bucket-allocator-granularity=16"
    "memorysetup-bucket-allocator-bucket-count=8"
    "memorysetup-bucket-allocator-block-size=33554432"
    "memorysetup-bucket-allocator-block-count=8"
    "memorysetup-main-allocator-block-size=16777216"
    "memorysetup-thread-allocator-block-size=16777216"
    "memorysetup-gfx-main-allocator-block-size=16777216"
    "memorysetup-gfx-thread-allocator-block-size=16777216"
    "memorysetup-cache-allocator-block-size=4194304"
    "memorysetup-typetree-allocator-block-size=2097152"
    "memorysetup-profiler-bucket-allocator-granularity=16"
    "memorysetup-profiler-bucket-allocator-bucket-count=8"
    "memorysetup-profiler-bucket-allocator-block-size=33554432"
    "memorysetup-profiler-bucket-allocator-block-count=8"
    "memorysetup-profiler-allocator-block-size=16777216"
    "memorysetup-profiler-editor-allocator-block-size=1048576"
    "memorysetup-temp-allocator-size-main=16777216"
    "memorysetup-job-temp-allocator-block-size=2097152"
    "memorysetup-job-temp-allocator-block-size-background=1048576"
    "memorysetup-job-temp-allocator-reduction-small-platforms=262144"
    "memorysetup-temp-allocator-size-background-worker=32768"
    "memorysetup-temp-allocator-size-job-worker=262144"
    "memorysetup-temp-allocator-size-preload-manager=33554432"
    "memorysetup-temp-allocator-size-nav-mesh-worker=65536"
    "memorysetup-temp-allocator-size-audio-worker=65536"
    "memorysetup-temp-allocator-size-cloud-worker=32768"
    "memorysetup-temp-allocator-size-gi-baking-worker=262144"
    "memorysetup-temp-allocator-size-gfx=262144"
Player connection [15340] Host "[IP] 192.168.10.123 [Port] 0 [Flags] 2 [Guid] 2164030999 [EditorId] 2164030999 [Version] 1048832 [Id] WindowsEditor(7,DESKTOP-CDV8NU6) [Debug] 1 [PackageName] WindowsEditor [ProjectName] Editor" joined multi-casting on [225.0.0.222:54997]...

Player connection [15340] Host "[IP] 192.168.10.123 [Port] 0 [Flags] 2 [Guid] 2164030999 [EditorId] 2164030999 [Version] 1048832 [Id] WindowsEditor(7,DESKTOP-CDV8NU6) [Debug] 1 [PackageName] WindowsEditor [ProjectName] Editor" joined alternative multi-casting on [225.0.0.222:34997]...

Refreshing native plugins compatible for Editor in 244.53 ms, found 3 plugins.
Preloading 0 native plugins for Editor in 0.00 ms.
Initialize engine version: 2022.2.7f1 (8331acaee5d3)
[Subsystems] Discovering subsystems at path P:/Unity/2022.2.7f1/Editor/Data/Resources/UnitySubsystems
[Subsystems] Discovering subsystems at path P:/Repo/github.com/Te3Que/LudJam23/LudJam23/Assets
GfxDevice: creating device client; threaded=0; jobified=0
Direct3D:
    Version:  Direct3D 11.0 [level 11.1]
    Renderer: NVIDIA GeForce GTX 960 (ID=0x1401)
    Vendor:   NVIDIA
    VRAM:     4047 MB
    Driver:   31.0.15.2756
Initialize mono
Mono path[0] = 'P:/Unity/2022.2.7f1/Editor/Data/Managed'
Mono path[1] = 'P:/Unity/2022.2.7f1/Editor/Data/MonoBleedingEdge/lib/mono/unityjit-win32'
Mono config path = 'P:/Unity/2022.2.7f1/Editor/Data/MonoBleedingEdge/etc'
Using monoOptions --debugger-agent=transport=dt_socket,embedding=1,server=y,suspend=n,address=127.0.0.1:56396
Begin MonoManager ReloadAssembly
Registering precompiled unity dll's ...
Register platform support module: P:/Unity/2022.2.7f1/Editor/Data/PlaybackEngines/WebGLSupport/UnityEditor.WebGL.Extensions.dll
Register platform support module: P:/Unity/2022.2.7f1/Editor/Data/PlaybackEngines/MacStandaloneSupport/UnityEditor.OSXStandalone.Extensions.dll
Register platform support module: P:/Unity/2022.2.7f1/Editor/Data/PlaybackEngines/AndroidPlayer/UnityEditor.Android.Extensions.dll
Register platform support module: P:/Unity/2022.2.7f1/Editor/Data/PlaybackEngines/iOSSupport/UnityEditor.iOS.Extensions.dll
Register platform support module: P:/Unity/2022.2.7f1/Editor/Data/PlaybackEngines/WindowsStandaloneSupport/UnityEditor.WindowsStandalone.Extensions.dll
Register platform support module: P:/Unity/2022.2.7f1/Editor/Data/PlaybackEngines/LinuxStandaloneSupport/UnityEditor.LinuxStandalone.Extensions.dll
Registered in 0.117070 seconds.
- Loaded All Assemblies, in  1.592 seconds
Native extension for LinuxStandalone target not found
Native extension for WindowsStandalone target not found
[usbmuxd] Start listen thread
[usbmuxd] Listen thread started
Native extension for iOS target not found
Native extension for Android target not found
Android Extension - Scanning For ADB Devices 1932 ms
Native extension for OSXStandalone target not found
Native extension for WebGL target not found
Mono: successfully reloaded assembly
- Finished resetting the current domain, in  3.504 seconds
Domain Reload Profiling:
	ReloadAssembly (949ms)
		BeginReloadAssembly (480ms)
			ExecutionOrderSort (0ms)
			DisableScriptedObjects (0ms)
			BackupInstance (0ms)
			ReleaseScriptingObjects (0ms)
			CreateAndSetChildDomain (1ms)
		LoadAllAssembliesAndSetupDomain (0ms)
			LoadAssemblies (483ms)
			RebuildTransferFunctionScriptingTraits (0ms)
			SetupTypeCache (631ms)
				TypeCache.Initialize (628ms)
					TypeCache.ScanAssembly (622ms)
				ResolveRequiredComponents (2ms)
		FinalizeReload (0ms)
			ReleaseScriptCaches (0ms)
			RebuildScriptCaches (0ms)
			SetupLoadedEditorAssemblies (3112ms)
				LogAssemblyErrors (0ms)
				InitializePlatformSupportModulesInManaged (2473ms)
				SetLoadedEditorAssemblies (6ms)
				RefreshPlugins (0ms)
				BeforeProcessingInitializeOnLoad (2ms)
				ProcessInitializeOnLoadAttributes (452ms)
				ProcessInitializeOnLoadMethodAttributes (180ms)
				AfterProcessingInitializeOnLoad (0ms)
				EditorAssembliesLoaded (0ms)
			ExecutionOrderSort2 (0ms)
			AwakeInstancesAfterBackupRestoration (0ms)
========================================================================
Worker process is ready to serve import requests
Begin MonoManager ReloadAssembly
Symbol file LoadedFromMemory doesn't match image P:\Repo\github.com\Te3Que\LudJam23\LudJam23\Library\PackageCache\com.unity.visualscripting@1.8.0\Editor\VisualScripting.Core\Dependencies\YamlDotNet\Unity.VisualScripting.YamlDotNet.dll
Symbol file LoadedFromMemory doesn't match image P:\Repo\github.com\Te3Que\LudJam23\LudJam23\Library\PackageCache\com.unity.visualscripting@1.8.0\Editor\VisualScripting.Core\Dependencies\DotNetZip\Unity.VisualScripting.IonicZip.dll
- Loaded All Assemblies, in 13.285 seconds
Refreshing native plugins compatible for Editor in 12.95 ms, found 3 plugins.
Native extension for LinuxStandalone target not found
Native extension for WindowsStandalone target not found
Native extension for iOS target not found
Native extension for Android target not found
Native extension for OSXStandalone target not found
Native extension for WebGL target not found
Mono: successfully reloaded assembly
- Finished resetting the current domain, in  2.655 seconds
Domain Reload Profiling:
	ReloadAssembly (1293ms)
		BeginReloadAssembly (1110ms)
			ExecutionOrderSort (0ms)
			DisableScriptedObjects (6ms)
			BackupInstance (0ms)
			ReleaseScriptingObjects (0ms)
			CreateAndSetChildDomain (33ms)
		LoadAllAssembliesAndSetupDomain (11988ms)
			LoadAssemblies (10531ms)
			RebuildTransferFunctionScriptingTraits (0ms)
			SetupTypeCache (2467ms)
				TypeCache.Initialize (1557ms)
					TypeCache.ScanAssembly (1547ms)
				ResolveRequiredComponents (33ms)
		FinalizeReload (0ms)
			ReleaseScriptCaches (0ms)
			RebuildScriptCaches (0ms)
			SetupLoadedEditorAssemblies (1873ms)
				LogAssemblyErrors (0ms)
				InitializePlatformSupportModulesInManaged (421ms)
				SetLoadedEditorAssemblies (6ms)
				RefreshPlugins (0ms)
				BeforeProcessingInitializeOnLoad (179ms)
				ProcessInitializeOnLoadAttributes (1117ms)
				ProcessInitializeOnLoadMethodAttributes (146ms)
				AfterProcessingInitializeOnLoad (5ms)
				EditorAssembliesLoaded (0ms)
			ExecutionOrderSort2 (0ms)
			AwakeInstancesAfterBackupRestoration (36ms)
Launched and connected shader compiler UnityShaderCompiler.exe after 0.38 seconds
Refreshing native plugins compatible for Editor in 248.03 ms, found 3 plugins.
Preloading 0 native plugins for Editor in 0.00 ms.
Unloading 5426 Unused Serialized files (Serialized files now loaded: 0)
Unloading 44 unused Assets / (434.1 KB). Loaded Objects now: 5889.
Memory consumption went from 0.83 GB to 0.83 GB.
Total: 81.322900 ms (FindLiveObjects: 0.916100 ms CreateObjectMapping: 1.358000 ms MarkObjects: 78.606700 ms  DeleteObjects: 0.440600 ms)

AssetImportParameters requested are different than current active one (requested -> active):
  custom:container-demuxer-ogg: 62fdf1f143b41e24485cea50d1cbac27 -> 
  custom:video-codec-MediaFoundation-h265: 746d11721c4dcdbdad8f713fa42b33f4 -> 
  custom:video-decoder-ogg-theora: a1e56fd34408186e4bbccfd4996cb3dc -> 
  custom:framework-win-MediaFoundation: 216162199b28c13a410421893ffa2e32 -> 
  custom:container-demuxer-webm: 4f35f7cbe854078d1ac9338744f61a02 -> 
  custom:container-muxer-webm: aa71ff27fc2769a1b78a27578f13a17b -> 
  custom:video-decoder-webm-vp8: 9c59270c3fd7afecdb556c50c9e8de78 -> 
  custom:AudioImporter_EditorPlatform: d09bf68614088b80899f8185d706f6e7 -> 
  custom:video-encoder-webm-vp8: eb34c28f22e8b96e1ab97ce403110664 -> 
  custom:audio-decoder-ogg-vorbis: bf7c407c2cedff20999df2af8eb42d56 -> 
  custom:audio-encoder-webm-vorbis: bf7c407c2cedff20999df2af8eb42d56 -> 
========================================================================
Received Import Request.
  Time since last request: 138534.428121 seconds.
  path: Assets/Imported Models/stone_001.ply
  artifactKey: Guid(d83f3c8c646349048914f0c145b9ad05) Importer(815301076,1909f56bfc062723c751e8b465ee728b)
Start importing Assets/Imported Models/stone_001.ply using Guid(d83f3c8c646349048914f0c145b9ad05) Importer(815301076,1909f56bfc062723c751e8b465ee728b)  -> (artifact id: '5487bdbe73923e63edaf90c5f3a3b404') in 0.408129 seconds 
Number of updated asset objects reloaded before import = 0
Number of asset objects unloaded after import = 1
========================================================================
Received Import Request.
  Time since last request: 44.134668 seconds.
  path: Assets/Imported Models/stone_001.vxl
  artifactKey: Guid(d48a1a01bc59ec644bad2991a965d239) Importer(815301076,1909f56bfc062723c751e8b465ee728b)
Start importing Assets/Imported Models/stone_001.vxl using Guid(d48a1a01bc59ec644bad2991a965d239) Importer(815301076,1909f56bfc062723c751e8b465ee728b)  -> (artifact id: '92580ab80c16b378a35d0d33f0d870b4') in 0.006477 seconds 
Number of updated asset objects reloaded before import = 0
Number of asset objects unloaded after import = 1
========================================================================
Received Import Request.
  Time since last request: 35.841541 seconds.
  path: Assets/Imported Models/stone_001.qb
  artifactKey: Guid(0bb101d84a589194193ae39d4e278779) Importer(815301076,1909f56bfc062723c751e8b465ee728b)
Start importing Assets/Imported Models/stone_001.qb using Guid(0bb101d84a589194193ae39d4e278779) Importer(815301076,1909f56bfc062723c751e8b465ee728b)  -> (artifact id: '4d9ccf6c7c58a7cec14def579ff11e8d') in 0.005092 seconds 
Number of updated asset objects reloaded before import = 0
Number of asset objects unloaded after import = 1
========================================================================
Received Import Request.
  Time since last request: 1259.077973 seconds.
  path: Assets/Imported Models/Rock_001.obj
  artifactKey: Guid(04a25ee4f8f1ee248924a8d2b63cfcc6) Importer(815301076,1909f56bfc062723c751e8b465ee728b)
Start importing Assets/Imported Models/Rock_001.obj using Guid(04a25ee4f8f1ee248924a8d2b63cfcc6) Importer(815301076,1909f56bfc062723c751e8b465ee728b)  -> (artifact id: '1440b0d07294f4a68e71081bd3ed02c3') in 2.477578 seconds 
Number of updated asset objects reloaded before import = 0
Number of asset objects unloaded after import = 11
========================================================================
Received Import Request.
  Time since last request: 25.152448 seconds.
  path: Assets/Imported Models/Rock_001.obj
  artifactKey: Guid(04a25ee4f8f1ee248924a8d2b63cfcc6) Importer(815301076,1909f56bfc062723c751e8b465ee728b)
Start importing Assets/Imported Models/Rock_001.obj using Guid(04a25ee4f8f1ee248924a8d2b63cfcc6) Importer(815301076,1909f56bfc062723c751e8b465ee728b)  -> (artifact id: '4d3bf90964b1514f81af7c6bb55cb74c') in 0.081321 seconds 
Number of updated asset objects reloaded before import = 0
Number of asset objects unloaded after import = 11
========================================================================
Received Import Request.
  Time since last request: 10.948221 seconds.
  path: Assets/Imported Models/Rock_001.obj
  artifactKey: Guid(04a25ee4f8f1ee248924a8d2b63cfcc6) Importer(815301076,1909f56bfc062723c751e8b465ee728b)
Start importing Assets/Imported Models/Rock_001.obj using Guid(04a25ee4f8f1ee248924a8d2b63cfcc6) Importer(815301076,1909f56bfc062723c751e8b465ee728b)  -> (artifact id: '9408ee34112d7054d5262bf93d0e0118') in 0.048640 seconds 
Number of updated asset objects reloaded before import = 0
Number of asset objects unloaded after import = 11
========================================================================
Received Import Request.
  Time since last request: 16.952296 seconds.
  path: Assets/Imported Models/Rock_001.obj
  artifactKey: Guid(04a25ee4f8f1ee248924a8d2b63cfcc6) Importer(815301076,1909f56bfc062723c751e8b465ee728b)
Start importing Assets/Imported Models/Rock_001.obj using Guid(04a25ee4f8f1ee248924a8d2b63cfcc6) Importer(815301076,1909f56bfc062723c751e8b465ee728b)  -> (artifact id: 'fe8b7c68bc296749b173fdc1725ae802') in 0.053307 seconds 
Number of updated asset objects reloaded before import = 0
Number of asset objects unloaded after import = 11
========================================================================
Received Import Request.
  Time since last request: 9.102044 seconds.
  path: Assets/Imported Models/Rock_001.obj
  artifactKey: Guid(04a25ee4f8f1ee248924a8d2b63cfcc6) Importer(815301076,1909f56bfc062723c751e8b465ee728b)
Start importing Assets/Imported Models/Rock_001.obj using Guid(04a25ee4f8f1ee248924a8d2b63cfcc6) Importer(815301076,1909f56bfc062723c751e8b465ee728b)  -> (artifact id: '0ba680e57ec7babe87bac70e4a9a1d0b') in 0.181366 seconds 
Number of updated asset objects reloaded before import = 0
Number of asset objects unloaded after import = 11
========================================================================
Received Import Request.
  Time since last request: 12.466158 seconds.
  path: Assets/Imported Models/Textures
  artifactKey: Guid(a739506038436dd43a367405f9e336b8) Importer(815301076,1909f56bfc062723c751e8b465ee728b)
Start importing Assets/Imported Models/Textures using Guid(a739506038436dd43a367405f9e336b8) Importer(815301076,1909f56bfc062723c751e8b465ee728b)  -> (artifact id: 'a5558e60c1e73d8380c724a8557ef008') in 0.000554 seconds 
Number of updated asset objects reloaded before import = 0
Number of asset objects unloaded after import = 0
========================================================================
Received Import Request.
  Time since last request: 7.970781 seconds.
  path: Assets/Imported Models/Textures/Rock_001.png
  artifactKey: Guid(9aab5b6a0891ba74c875b8b645f44e4d) Importer(815301076,1909f56bfc062723c751e8b465ee728b)
Start importing Assets/Imported Models/Textures/Rock_001.png using Guid(9aab5b6a0891ba74c875b8b645f44e4d) Importer(815301076,1909f56bfc062723c751e8b465ee728b)  -> (artifact id: 'e00b87d2089be95fc52d2193248673c1') in 0.084424 seconds 
Number of updated asset objects reloaded before import = 0
Number of asset objects unloaded after import = 2
========================================================================
Received Import Request.
  Time since last request: 21.278557 seconds.
  path: Assets/Imported Models/Rock_001.obj
  artifactKey: Guid(04a25ee4f8f1ee248924a8d2b63cfcc6) Importer(815301076,1909f56bfc062723c751e8b465ee728b)
Start importing Assets/Imported Models/Rock_001.obj using Guid(04a25ee4f8f1ee248924a8d2b63cfcc6) Importer(815301076,1909f56bfc062723c751e8b465ee728b)  -> (artifact id: '055b3c15cab30ce79c6b196e3ba8170a') in 0.028020 seconds 
Number of updated asset objects reloaded before import = 0
Number of asset objects unloaded after import = 11
========================================================================
Received Import Request.
  Time since last request: 0.482007 seconds.
  path: Assets/Imported Models/Rock_001.obj
  artifactKey: Guid(04a25ee4f8f1ee248924a8d2b63cfcc6) Importer(815301076,1909f56bfc062723c751e8b465ee728b)
Start importing Assets/Imported Models/Rock_001.obj using Guid(04a25ee4f8f1ee248924a8d2b63cfcc6) Importer(815301076,1909f56bfc062723c751e8b465ee728b)  -> (artifact id: 'd994056a984ae3722f909881fe7fc806') in 0.050319 seconds 
Number of updated asset objects reloaded before import = 0
Number of asset objects unloaded after import = 11
========================================================================
Received Import Request.
  Time since last request: 10.828190 seconds.
  path: Assets/Imported Models/Textures/defaultMat.mat
  artifactKey: Guid(28b69cbd3a7f14b4fbfd358ae9fefcc6) Importer(815301076,1909f56bfc062723c751e8b465ee728b)
Start importing Assets/Imported Models/Textures/defaultMat.mat using Guid(28b69cbd3a7f14b4fbfd358ae9fefcc6) Importer(815301076,1909f56bfc062723c751e8b465ee728b)  -> (artifact id: '6ba34a6e283e373beedae55166c34263') in 0.096560 seconds 
Number of updated asset objects reloaded before import = 0
Number of asset objects unloaded after import = 2
========================================================================
Received Import Request.
  Time since last request: 16.798416 seconds.
  path: Assets/Materials/Models
  artifactKey: Guid(8c6812fd7b8563f4d81a3868a5dd00bf) Importer(815301076,1909f56bfc062723c751e8b465ee728b)
Start importing Assets/Materials/Models using Guid(8c6812fd7b8563f4d81a3868a5dd00bf) Importer(815301076,1909f56bfc062723c751e8b465ee728b)  -> (artifact id: '7f22ac83eba782134d3a5d72b8c9764c') in 0.001441 seconds 
Number of updated asset objects reloaded before import = 0
Number of asset objects unloaded after import = 0
========================================================================
Received Import Request.
  Time since last request: 9.183025 seconds.
  path: Assets/Materials/Models/Rock_001.mat
  artifactKey: Guid(55e4096d52af60440b171658def698b0) Importer(815301076,1909f56bfc062723c751e8b465ee728b)
Start importing Assets/Materials/Models/Rock_001.mat using Guid(55e4096d52af60440b171658def698b0) Importer(815301076,1909f56bfc062723c751e8b465ee728b)  -> (artifact id: 'd06e1f1d978fc5cc1b029f1106032984') in 0.030404 seconds 
Number of updated asset objects reloaded before import = 0
Number of asset objects unloaded after import = 2
========================================================================
Received Import Request.
  Time since last request: 37.231046 seconds.
  path: Assets/Imported Models/Rock_001.obj
  artifactKey: Guid(04a25ee4f8f1ee248924a8d2b63cfcc6) Importer(815301076,1909f56bfc062723c751e8b465ee728b)
Start importing Assets/Imported Models/Rock_001.obj using Guid(04a25ee4f8f1ee248924a8d2b63cfcc6) Importer(815301076,1909f56bfc062723c751e8b465ee728b)  -> (artifact id: 'efb2ef5b53fefbdba6a8c69a84365d3b') in 0.048677 seconds 
Number of updated asset objects reloaded before import = 0
Number of asset objects unloaded after import = 10
========================================================================
Received Import Request.
  Time since last request: 25.253825 seconds.
  path: Assets/Imported Models/Rock_001.obj
  artifactKey: Guid(04a25ee4f8f1ee248924a8d2b63cfcc6) Importer(815301076,1909f56bfc062723c751e8b465ee728b)
Start importing Assets/Imported Models/Rock_001.obj using Guid(04a25ee4f8f1ee248924a8d2b63cfcc6) Importer(815301076,1909f56bfc062723c751e8b465ee728b)  -> (artifact id: '15d2c52fd31e5e70926f450d50cd23e3') in 0.055872 seconds 
Number of updated asset objects reloaded before import = 0
Number of asset objects unloaded after import = 11
========================================================================
Received Import Request.
  Time since last request: 4696.317995 seconds.
  path: Assets/Imported Models/Rock_002.obj
  artifactKey: Guid(897ff3cbfe120874590679c42bde0617) Importer(815301076,1909f56bfc062723c751e8b465ee728b)
Start importing Assets/Imported Models/Rock_002.obj using Guid(897ff3cbfe120874590679c42bde0617) Importer(815301076,1909f56bfc062723c751e8b465ee728b)  -> (artifact id: 'bcb33f1d0c979198d231219ec4b58ba0') in 0.092731 seconds 
Number of updated asset objects reloaded before import = 0
Number of asset objects unloaded after import = 11
========================================================================
Received Import Request.
  Time since last request: 14.773837 seconds.
  path: Assets/Imported Models/Rock_002.obj
  artifactKey: Guid(897ff3cbfe120874590679c42bde0617) Importer(815301076,1909f56bfc062723c751e8b465ee728b)
Start importing Assets/Imported Models/Rock_002.obj using Guid(897ff3cbfe120874590679c42bde0617) Importer(815301076,1909f56bfc062723c751e8b465ee728b)  -> (artifact id: '2fe6c6ce9e989741c73164649fe57c2e') in 0.052404 seconds 
Number of updated asset objects reloaded before import = 0
Number of asset objects unloaded after import = 11
========================================================================
Received Import Request.
  Time since last request: 429.301217 seconds.
  path: Assets/Imported Models/Dome.obj
  artifactKey: Guid(6d722ec82c0f74b4e81106eb6832fd1c) Importer(815301076,1909f56bfc062723c751e8b465ee728b)
Start importing Assets/Imported Models/Dome.obj using Guid(6d722ec82c0f74b4e81106eb6832fd1c) Importer(815301076,1909f56bfc062723c751e8b465ee728b)  -> (artifact id: 'c1b47d1493432dad6a9a8f7c84950a8b') in 0.117221 seconds 
Number of updated asset objects reloaded before import = 0
Number of asset objects unloaded after import = 11
========================================================================
Received Import Request.
  Time since last request: 68.675950 seconds.
  path: Assets/Materials/Transparent Dome.mat
  artifactKey: Guid(67600f9852377224c80940418d3f0e9c) Importer(815301076,1909f56bfc062723c751e8b465ee728b)
Start importing Assets/Materials/Transparent Dome.mat using Guid(67600f9852377224c80940418d3f0e9c) Importer(815301076,1909f56bfc062723c751e8b465ee728b)  -> (artifact id: '03c34c5ff6b1af0d7e1772141ffc8dea') in 0.027754 seconds 
Number of updated asset objects reloaded before import = 0
Number of asset objects unloaded after import = 2
========================================================================
Received Import Request.
  Time since last request: 384.501668 seconds.
  path: Assets/Imported Models/Rock_001.obj
  artifactKey: Guid(04a25ee4f8f1ee248924a8d2b63cfcc6) Importer(815301076,1909f56bfc062723c751e8b465ee728b)
Start importing Assets/Imported Models/Rock_001.obj using Guid(04a25ee4f8f1ee248924a8d2b63cfcc6) Importer(815301076,1909f56bfc062723c751e8b465ee728b)  -> (artifact id: 'a0ce14743291f1e4384db7ca9560abc1') in 1.920048 seconds 
Number of updated asset objects reloaded before import = 0
Number of asset objects unloaded after import = 12
========================================================================
Received Import Request.
  Time since last request: 0.000025 seconds.
  path: Assets/Imported Models/Rock_002.obj
  artifactKey: Guid(897ff3cbfe120874590679c42bde0617) Importer(815301076,1909f56bfc062723c751e8b465ee728b)
Start importing Assets/Imported Models/Rock_002.obj using Guid(897ff3cbfe120874590679c42bde0617) Importer(815301076,1909f56bfc062723c751e8b465ee728b)  -> (artifact id: '65f3eeceeefcca2b92e6190807f8a8ae') in 0.034254 seconds 
Number of updated asset objects reloaded before import = 0
Number of asset objects unloaded after import = 12
========================================================================
Received Import Request.
  Time since last request: 5.751610 seconds.
  path: Assets/Imported Models/Dome.obj
  artifactKey: Guid(6d722ec82c0f74b4e81106eb6832fd1c) Importer(815301076,1909f56bfc062723c751e8b465ee728b)
Start importing Assets/Imported Models/Dome.obj using Guid(6d722ec82c0f74b4e81106eb6832fd1c) Importer(815301076,1909f56bfc062723c751e8b465ee728b)  -> (artifact id: '0b6e49d35fa516656f874eaf3ddbb043') in 0.081949 seconds 
Number of updated asset objects reloaded before import = 0
Number of asset objects unloaded after import = 11
========================================================================
Received Import Request.
  Time since last request: 57.171640 seconds.
  path: Assets/Imported Models/Dome.obj
  artifactKey: Guid(6d722ec82c0f74b4e81106eb6832fd1c) Importer(815301076,1909f56bfc062723c751e8b465ee728b)
Start importing Assets/Imported Models/Dome.obj using Guid(6d722ec82c0f74b4e81106eb6832fd1c) Importer(815301076,1909f56bfc062723c751e8b465ee728b)  -> (artifact id: 'aa309d34fe6605ed22c4b614f7f4456a') in 0.086405 seconds 
Number of updated asset objects reloaded before import = 0
Number of asset objects unloaded after import = 11
========================================================================
Received Import Request.
  Time since last request: 2219.642139 seconds.
  path: Assets/Imported Models/Dirt_Plain_001.obj
  artifactKey: Guid(512673ec01d2fed4bb833a18784bfccd) Importer(815301076,1909f56bfc062723c751e8b465ee728b)
Start importing Assets/Imported Models/Dirt_Plain_001.obj using Guid(512673ec01d2fed4bb833a18784bfccd) Importer(815301076,1909f56bfc062723c751e8b465ee728b)  -> (artifact id: 'bfc81690b04af4c3b55367db7c73bab2') in 0.226427 seconds 
Number of updated asset objects reloaded before import = 0
Number of asset objects unloaded after import = 11
========================================================================
Received Import Request.
  Time since last request: 44.265527 seconds.
  path: Assets/Imported Models/Textures/Dirt_Plain_001.png
  artifactKey: Guid(c44088582a4e8f5438892ac5f03a197c) Importer(815301076,1909f56bfc062723c751e8b465ee728b)
Start importing Assets/Imported Models/Textures/Dirt_Plain_001.png using Guid(c44088582a4e8f5438892ac5f03a197c) Importer(815301076,1909f56bfc062723c751e8b465ee728b)  -> (artifact id: '554449e28fdbcf9ffdc2938644290a8b') in 0.022392 seconds 
Number of updated asset objects reloaded before import = 0
Number of asset objects unloaded after import = 2
========================================================================
Received Import Request.
  Time since last request: 15.499753 seconds.
  path: Assets/Materials/Models/Rock_001.mat
  artifactKey: Guid(55e4096d52af60440b171658def698b0) Importer(815301076,1909f56bfc062723c751e8b465ee728b)
Start importing Assets/Materials/Models/Rock_001.mat using Guid(55e4096d52af60440b171658def698b0) Importer(815301076,1909f56bfc062723c751e8b465ee728b)  -> (artifact id: 'e08b8844b4b02d7276d1b956ad531b69') in 0.312319 seconds 
Number of updated asset objects reloaded before import = 0
Number of asset objects unloaded after import = 3
========================================================================
Received Import Request.
  Time since last request: 12.129095 seconds.
  path: Assets/Materials/Models/Dirt_Plain_001.mat
  artifactKey: Guid(9040e94425062f346a4e591f8bef8896) Importer(815301076,1909f56bfc062723c751e8b465ee728b)
Start importing Assets/Materials/Models/Dirt_Plain_001.mat using Guid(9040e94425062f346a4e591f8bef8896) Importer(815301076,1909f56bfc062723c751e8b465ee728b)  -> (artifact id: '7f11ad12b77d513b08fc2a8940c70eb8') in 0.061191 seconds 
Number of updated asset objects reloaded before import = 0
Number of asset objects unloaded after import = 2
========================================================================
Received Import Request.
  Time since last request: 34.212411 seconds.
  path: Assets/Imported Models/Dirt_Plain_001.obj
  artifactKey: Guid(512673ec01d2fed4bb833a18784bfccd) Importer(815301076,1909f56bfc062723c751e8b465ee728b)
Start importing Assets/Imported Models/Dirt_Plain_001.obj using Guid(512673ec01d2fed4bb833a18784bfccd) Importer(815301076,1909f56bfc062723c751e8b465ee728b)  -> (artifact id: '9049da8267a2f26110502ad481d48095') in 0.098074 seconds 
Number of updated asset objects reloaded before import = 0
Number of asset objects unloaded after import = 11
========================================================================
Received Import Request.
  Time since last request: 869.109256 seconds.
  path: Assets/Imported Models/Dirt_Plain_001.obj
  artifactKey: Guid(512673ec01d2fed4bb833a18784bfccd) Importer(815301076,1909f56bfc062723c751e8b465ee728b)
Start importing Assets/Imported Models/Dirt_Plain_001.obj using Guid(512673ec01d2fed4bb833a18784bfccd) Importer(815301076,1909f56bfc062723c751e8b465ee728b)  -> (artifact id: '6dc94f0f696d684c3a981f51a1bbf17b') in 0.097010 seconds 
Number of updated asset objects reloaded before import = 0
Number of asset objects unloaded after import = 12
